{
    "timestamp": "2025-07-23 19:55:42",
    "request": {
        "month": "7",
        "year": "2025"
    },
    "response": {
        "labels": [
            "1",
            "4",
            "7",
            "10",
            "13",
            "16",
            "19",
            "22",
            "25",
            "28",
            "31"
        ],
        "current_month": [
            0,
            0,
            0,
            0,
            0,
            0,
            300000,
            150000,
            0,
            0,
            0
        ],
        "previous_month": [
            0,
            0,
            0,
            0,
            0,
            0,
            0,
            0,
            0,
            0,
            450000
        ],
        "selected_month": "Th\u00e1ng 7\/2025",
        "previous_month_label": "Th\u00e1ng 6\/2025"
    }
}
{
    "timestamp": "2025-07-23 19:55:44",
    "request": {
        "month": "7",
        "year": "2025"
    },
    "response": {
        "labels": [
            "1",
            "4",
            "7",
            "10",
            "13",
            "16",
            "19",
            "22",
            "25",
            "28",
            "31"
        ],
        "current_month": [
            0,
            0,
            0,
            0,
            0,
            0,
            300000,
            150000,
            0,
            0,
            0
        ],
        "previous_month": [
            0,
            0,
            0,
            0,
            0,
            0,
            0,
            0,
            0,
            0,
            450000
        ],
        "selected_month": "Th\u00e1ng 7\/2025",
        "previous_month_label": "Th\u00e1ng 6\/2025"
    }
}
{
    "timestamp": "2025-07-23 20:03:23",
    "request": {
        "month": "7",
        "year": "2025"
    },
    "response": {
        "labels": [
            "1",
            "4",
            "7",
            "10",
            "13",
            "16",
            "19",
            "22",
            "25",
            "28",
            "31"
        ],
        "current_month": [
            0,
            0,
            0,
            0,
            0,
            0,
            300000,
            150000,
            0,
            0,
            0
        ],
        "previous_month": [
            0,
            0,
            0,
            0,
            0,
            0,
            0,
            0,
            0,
            0,
            450000
        ],
        "selected_month": "Th\u00e1ng 7\/2025",
        "previous_month_label": "Th\u00e1ng 6\/2025"
    }
}
{
    "timestamp": "2025-07-23 20:07:55",
    "request": {
        "month": "7",
        "year": "2025"
    },
    "response": {
        "labels": [
            "1",
            "4",
            "7",
            "10",
            "13",
            "16",
            "19",
            "22",
            "25",
            "28",
            "31"
        ],
        "current_month": [
            0,
            0,
            0,
            0,
            0,
            0,
            300000,
            150000,
            0,
            0,
            0
        ],
        "previous_month": [
            0,
            0,
            0,
            0,
            0,
            0,
            0,
            0,
            0,
            0,
            450000
        ],
        "selected_month": "Th\u00e1ng 7\/2025",
        "previous_month_label": "Th\u00e1ng 6\/2025"
    }
}
{
    "timestamp": "2025-07-23 20:08:45",
    "request": {
        "month": "7",
        "year": "2025"
    },
    "response": {
        "labels": [
            "1",
            "4",
            "7",
            "10",
            "13",
            "16",
            "19",
            "22",
            "25",
            "28",
            "31"
        ],
        "current_month": [
            0,
            0,
            0,
            0,
            0,
            0,
            300000,
            150000,
            0,
            0,
            0
        ],
        "previous_month": [
            0,
            0,
            0,
            0,
            0,
            0,
            0,
            0,
            0,
            0,
            450000
        ],
        "selected_month": "Th\u00e1ng 7\/2025",
        "previous_month_label": "Th\u00e1ng 6\/2025"
    }
}
{
    "timestamp": "2025-07-23 20:13:04",
    "request": {
        "month": "7",
        "year": "2025"
    },
    "response": {
        "labels": [
            "1",
            "4",
            "7",
            "10",
            "13",
            "16",
            "19",
            "22",
            "25",
            "28",
            "31"
        ],
        "current_month": [
            0,
            0,
            0,
            0,
            0,
            0,
            300000,
            150000,
            0,
            0,
            0
        ],
        "previous_month": [
            0,
            0,
            0,
            0,
            0,
            0,
            0,
            0,
            0,
            0,
            0
        ],
        "selected_month": "Th\u00e1ng 7\/2025",
        "previous_month_label": "Th\u00e1ng 6\/2025"
    }
}
{
    "timestamp": "2025-07-23 20:18:36",
    "request": {
        "month": "7",
        "year": "2025"
    },
    "response": {
        "labels": [
            "1",
            "4",
            "7",
            "10",
            "13",
            "16",
            "19",
            "22",
            "25",
            "28",
            "31"
        ],
        "current_month": [
            0,
            0,
            0,
            0,
            0,
            0,
            300000,
            150000,
            0,
            0,
            0
        ],
        "previous_month": [
            0,
            0,
            0,
            0,
            0,
            0,
            0,
            0,
            0,
            0,
            0
        ],
        "selected_month": "Th\u00e1ng 7\/2025",
        "previous_month_label": "Th\u00e1ng 6\/2025"
    }
}
{
    "timestamp": "2025-07-23 20:20:56",
    "request": {
        "month": "7",
        "year": "2025"
    },
    "response": {
        "labels": [
            "1",
            "4",
            "7",
            "10",
            "13",
            "16",
            "19",
            "22",
            "25",
            "28",
            "31"
        ],
        "current_month": [
            0,
            0,
            0,
            0,
            0,
            0,
            300000,
            150000,
            0,
            0,
            0
        ],
        "previous_month": [
            0,
            0,
            0,
            0,
            0,
            0,
            0,
            0,
            0,
            0,
            0
        ],
        "selected_month": "Th\u00e1ng 7\/2025",
        "previous_month_label": "Th\u00e1ng 6\/2025"
    }
}
{
    "timestamp": "2025-07-23 20:23:43",
    "request": {
        "month": "7",
        "year": "2025"
    },
    "response": {
        "labels": [
            "1",
            "4",
            "7",
            "10",
            "13",
            "16",
            "19",
            "22",
            "25",
            "28",
            "31"
        ],
        "current_month": [
            0,
            0,
            0,
            0,
            0,
            0,
            300000,
            150000,
            0,
            0,
            0
        ],
        "previous_month": [
            0,
            0,
            0,
            0,
            0,
            0,
            0,
            0,
            0,
            0,
            0
        ],
        "selected_month": "Th\u00e1ng 7\/2025",
        "previous_month_label": "Th\u00e1ng 6\/2025"
    }
}
{
    "timestamp": "2025-07-23 20:24:31",
    "request": {
        "month": "7",
        "year": "2025"
    },
    "response": {
        "labels": [
            "1",
            "4",
            "7",
            "10",
            "13",
            "16",
            "19",
            "22",
            "25",
            "28",
            "31"
        ],
        "current_month": [
            0,
            0,
            0,
            0,
            0,
            0,
            300000,
            150000,
            0,
            0,
            0
        ],
        "previous_month": [
            0,
            0,
            0,
            0,
            0,
            0,
            0,
            0,
            0,
            0,
            0
        ],
        "selected_month": "Th\u00e1ng 7\/2025",
        "previous_month_label": "Th\u00e1ng 6\/2025"
    }
}
{
    "timestamp": "2025-07-23 20:25:12",
    "request": {
        "month": "7",
        "year": "2025"
    },
    "response": {
        "labels": [
            "1",
            "4",
            "7",
            "10",
            "13",
            "16",
            "19",
            "22",
            "25",
            "28",
            "31"
        ],
        "current_month": [
            0,
            0,
            0,
            0,
            0,
            0,
            300000,
            150000,
            0,
            0,
            0
        ],
        "previous_month": [
            0,
            0,
            0,
            0,
            0,
            0,
            0,
            0,
            0,
            0,
            0
        ],
        "selected_month": "Th\u00e1ng 7\/2025",
        "previous_month_label": "Th\u00e1ng 6\/2025"
    }
}
{
    "timestamp": "2025-07-23 20:25:34",
    "request": {
        "month": "7",
        "year": "2025"
    },
    "response": {
        "labels": [
            "1",
            "4",
            "7",
            "10",
            "13",
            "16",
            "19",
            "22",
            "25",
            "28",
            "31"
        ],
        "current_month": [
            0,
            0,
            0,
            0,
            0,
            0,
            300000,
            150000,
            0,
            0,
            0
        ],
        "previous_month": [
            0,
            0,
            0,
            0,
            0,
            0,
            0,
            0,
            0,
            0,
            0
        ],
        "selected_month": "Th\u00e1ng 7\/2025",
        "previous_month_label": "Th\u00e1ng 6\/2025"
    }
}
{
    "timestamp": "2025-07-23 20:26:52",
    "request": {
        "month": "7",
        "year": "2025"
    },
    "response": {
        "labels": [
            "1",
            "4",
            "7",
            "10",
            "13",
            "16",
            "19",
            "22",
            "25",
            "28",
            "31"
        ],
        "current_month": [
            0,
            0,
            0,
            0,
            0,
            0,
            300000,
            150000,
            0,
            0,
            0
        ],
        "previous_month": [
            0,
            0,
            0,
            0,
            0,
            0,
            0,
            0,
            0,
            0,
            0
        ],
        "selected_month": "Th\u00e1ng 7\/2025",
        "previous_month_label": "Th\u00e1ng 6\/2025"
    }
}
{
    "timestamp": "2025-07-23 20:27:05",
    "request": {
        "month": "7",
        "year": "2025"
    },
    "response": {
        "labels": [
            "1",
            "4",
            "7",
            "10",
            "13",
            "16",
            "19",
            "22",
            "25",
            "28",
            "31"
        ],
        "current_month": [
            0,
            0,
            0,
            0,
            0,
            0,
            300000,
            150000,
            0,
            0,
            0
        ],
        "previous_month": [
            0,
            0,
            0,
            0,
            0,
            0,
            0,
            0,
            0,
            0,
            0
        ],
        "selected_month": "Th\u00e1ng 7\/2025",
        "previous_month_label": "Th\u00e1ng 6\/2025"
    }
}
{
    "timestamp": "2025-07-23 20:32:04",
    "request": {
        "month": "7",
        "year": "2025"
    },
    "response": {
        "labels": [
            "1",
            "4",
            "7",
            "10",
            "13",
            "16",
            "19",
            "22",
            "25",
            "28",
            "31"
        ],
        "current_month": [
            0,
            0,
            0,
            0,
            0,
            0,
            300000,
            150000,
            0,
            0,
            0
        ],
        "previous_month": [
            0,
            0,
            0,
            0,
            0,
            0,
            0,
            0,
            0,
            0,
            0
        ],
        "selected_month": "Th\u00e1ng 7\/2025",
        "previous_month_label": "Th\u00e1ng 6\/2025"
    }
}
{
    "timestamp": "2025-07-23 20:34:25",
    "request": {
        "month": "7",
        "year": "2025"
    },
    "response": {
        "labels": [
            "1",
            "4",
            "7",
            "10",
            "13",
            "16",
            "19",
            "22",
            "25",
            "28",
            "31"
        ],
        "current_month": [
            0,
            0,
            0,
            0,
            0,
            0,
            300000,
            150000,
            0,
            0,
            0
        ],
        "previous_month": [
            0,
            0,
            0,
            0,
            0,
            0,
            0,
            0,
            0,
            0,
            0
        ],
        "selected_month": "Th\u00e1ng 7\/2025",
        "previous_month_label": "Th\u00e1ng 6\/2025"
    }
}
{
    "timestamp": "2025-07-23 20:37:13",
    "request": {
        "month": "7",
        "year": "2025"
    },
    "response": {
        "labels": [
            "1",
            "4",
            "7",
            "10",
            "13",
            "16",
            "19",
            "22",
            "25",
            "28",
            "31"
        ],
        "current_month": [
            0,
            0,
            0,
            0,
            0,
            0,
            300000,
            150000,
            0,
            0,
            0
        ],
        "previous_month": [
            0,
            0,
            0,
            0,
            0,
            0,
            0,
            0,
            0,
            0,
            0
        ],
        "selected_month": "Th\u00e1ng 7\/2025",
        "previous_month_label": "Th\u00e1ng 6\/2025"
    }
}
{
    "timestamp": "2025-07-23 20:40:39",
    "request": {
        "month": "7",
        "year": "2025"
    },
    "response": {
        "labels": [
            "1",
            "4",
            "7",
            "10",
            "13",
            "16",
            "19",
            "22",
            "25",
            "28",
            "31"
        ],
        "current_month": [
            0,
            0,
            0,
            0,
            0,
            0,
            300000,
            150000,
            0,
            0,
            0
        ],
        "previous_month": [
            0,
            0,
            0,
            0,
            0,
            0,
            0,
            0,
            0,
            0,
            0
        ],
        "selected_month": "Th\u00e1ng 7\/2025",
        "previous_month_label": "Th\u00e1ng 6\/2025"
    }
}
{
    "timestamp": "2025-07-23 20:50:03",
    "request": {
        "month": "7",
        "year": "2025"
    },
    "response": {
        "labels": [
            "1",
            "4",
            "7",
            "10",
            "13",
            "16",
            "19",
            "22",
            "25",
            "28",
            "31"
        ],
        "current_month": [
            0,
            0,
            0,
            0,
            0,
            0,
            300000,
            150000,
            0,
            0,
            0
        ],
        "previous_month": [
            0,
            0,
            0,
            0,
            0,
            0,
            0,
            0,
            0,
            0,
            0
        ],
        "selected_month": "Th\u00e1ng 7\/2025",
        "previous_month_label": "Th\u00e1ng 6\/2025"
    }
}
{
    "timestamp": "2025-07-23 20:52:05",
    "request": {
        "month": "7",
        "year": "2025"
    },
    "response": {
        "labels": [
            "1",
            "4",
            "7",
            "10",
            "13",
            "16",
            "19",
            "22",
            "25",
            "28",
            "31"
        ],
        "current_month": [
            0,
            0,
            0,
            0,
            0,
            0,
            300000,
            150000,
            0,
            0,
            0
        ],
        "previous_month": [
            0,
            0,
            0,
            0,
            0,
            0,
            0,
            0,
            0,
            0,
            0
        ],
        "selected_month": "Th\u00e1ng 7\/2025",
        "previous_month_label": "Th\u00e1ng 6\/2025"
    }
}
{
    "timestamp": "2025-07-23 20:57:07",
    "request": {
        "month": "1",
        "year": "2025"
    },
    "response": {
        "labels": [
            "1",
            "4",
            "7",
            "10",
            "13",
            "16",
            "19",
            "22",
            "25",
            "28",
            "31"
        ],
        "current_month": [
            0,
            0,
            0,
            0,
            0,
            0,
            0,
            0,
            0,
            0,
            0
        ],
        "previous_month": [
            0,
            0,
            0,
            0,
            0,
            0,
            0,
            0,
            0,
            0,
            0
        ],
        "selected_month": "Th\u00e1ng 1\/2025",
        "previous_month_label": "Th\u00e1ng 12\/2024"
    }
}
{
    "timestamp": "2025-07-23 20:57:27",
    "request": {
        "month": "8",
        "year": "2025"
    },
    "response": {
        "labels": [
            "1",
            "4",
            "7",
            "10",
            "13",
            "16",
            "19",
            "22",
            "25",
            "28",
            "31"
        ],
        "current_month": [
            0,
            0,
            0,
            0,
            0,
            0,
            0,
            0,
            0,
            0,
            0
        ],
        "previous_month": [
            0,
            0,
            0,
            0,
            0,
            0,
            300000,
            150000,
            0,
            0,
            0
        ],
        "selected_month": "Th\u00e1ng 8\/2025",
        "previous_month_label": "Th\u00e1ng 7\/2025"
    }
}
{
    "timestamp": "2025-07-23 20:57:33",
    "request": {
        "month": "7",
        "year": "2025"
    },
    "response": {
        "labels": [
            "1",
            "4",
            "7",
            "10",
            "13",
            "16",
            "19",
            "22",
            "25",
            "28",
            "31"
        ],
        "current_month": [
            0,
            0,
            0,
            0,
            0,
            0,
            300000,
            150000,
            0,
            0,
            0
        ],
        "previous_month": [
            0,
            0,
            0,
            0,
            0,
            0,
            0,
            0,
            0,
            0,
            0
        ],
        "selected_month": "Th\u00e1ng 7\/2025",
        "previous_month_label": "Th\u00e1ng 6\/2025"
    }
}
{
    "timestamp": "2025-07-23 20:57:38",
    "request": {
        "month": "7",
        "year": "2024"
    },
    "response": {
        "labels": [
            "1",
            "4",
            "7",
            "10",
            "13",
            "16",
            "19",
            "22",
            "25",
            "28",
            "31"
        ],
        "current_month": [
            0,
            0,
            0,
            0,
            0,
            0,
            0,
            0,
            0,
            0,
            0
        ],
        "previous_month": [
            0,
            0,
            0,
            0,
            0,
            0,
            0,
            0,
            0,
            0,
            0
        ],
        "selected_month": "Th\u00e1ng 7\/2024",
        "previous_month_label": "Th\u00e1ng 6\/2024"
    }
}
{
    "timestamp": "2025-07-23 20:57:42",
    "request": {
        "month": "9",
        "year": "2024"
    },
    "response": {
        "labels": [
            "1",
            "4",
            "7",
            "10",
            "13",
            "16",
            "19",
            "22",
            "25",
            "28",
            "31"
        ],
        "current_month": [
            0,
            0,
            0,
            0,
            0,
            0,
            0,
            0,
            0,
            0,
            0
        ],
        "previous_month": [
            0,
            0,
            0,
            0,
            0,
            0,
            0,
            0,
            0,
            0,
            0
        ],
        "selected_month": "Th\u00e1ng 9\/2024",
        "previous_month_label": "Th\u00e1ng 8\/2024"
    }
}
{
    "timestamp": "2025-07-23 20:57:48",
    "request": {
        "month": "9",
        "year": "2025"
    },
    "response": {
        "labels": [
            "1",
            "4",
            "7",
            "10",
            "13",
            "16",
            "19",
            "22",
            "25",
            "28",
            "31"
        ],
        "current_month": [
            0,
            0,
            0,
            0,
            0,
            0,
            0,
            0,
            0,
            0,
            0
        ],
        "previous_month": [
            0,
            0,
            0,
            0,
            0,
            0,
            0,
            0,
            0,
            0,
            0
        ],
        "selected_month": "Th\u00e1ng 9\/2025",
        "previous_month_label": "Th\u00e1ng 8\/2025"
    }
}
{
    "timestamp": "2025-07-23 20:57:59",
    "request": {
        "month": "8",
        "year": "2025"
    },
    "response": {
        "labels": [
            "1",
            "4",
            "7",
            "10",
            "13",
            "16",
            "19",
            "22",
            "25",
            "28",
            "31"
        ],
        "current_month": [
            0,
            0,
            0,
            0,
            0,
            0,
            0,
            0,
            0,
            0,
            0
        ],
        "previous_month": [
            0,
            0,
            0,
            0,
            0,
            0,
            300000,
            150000,
            0,
            0,
            0
        ],
        "selected_month": "Th\u00e1ng 8\/2025",
        "previous_month_label": "Th\u00e1ng 7\/2025"
    }
}
{
    "timestamp": "2025-07-23 20:59:16",
    "request": {
        "month": "1",
        "year": "2025"
    },
    "response": {
        "labels": [
            "1",
            "4",
            "7",
            "10",
            "13",
            "16",
            "19",
            "22",
            "25",
            "28",
            "31"
        ],
        "current_month": [
            0,
            0,
            0,
            0,
            0,
            0,
            0,
            0,
            0,
            0,
            0
        ],
        "previous_month": [
            0,
            0,
            0,
            0,
            0,
            0,
            0,
            0,
            0,
            0,
            0
        ],
        "selected_month": "Th\u00e1ng 1\/2025",
        "previous_month_label": "Th\u00e1ng 12\/2024"
    }
}
{
    "timestamp": "2025-07-23 20:59:31",
    "request": {
        "month": "8",
        "year": "2025"
    },
    "response": {
        "labels": [
            "1",
            "4",
            "7",
            "10",
            "13",
            "16",
            "19",
            "22",
            "25",
            "28",
            "31"
        ],
        "current_month": [
            0,
            0,
            0,
            0,
            0,
            0,
            0,
            0,
            0,
            0,
            0
        ],
        "previous_month": [
            0,
            0,
            0,
            0,
            0,
            0,
            300000,
            150000,
            0,
            0,
            0
        ],
        "selected_month": "Th\u00e1ng 8\/2025",
        "previous_month_label": "Th\u00e1ng 7\/2025"
    }
}
{
    "timestamp": "2025-07-23 20:59:34",
    "request": {
        "month": "7",
        "year": "2025"
    },
    "response": {
        "labels": [
            "1",
            "4",
            "7",
            "10",
            "13",
            "16",
            "19",
            "22",
            "25",
            "28",
            "31"
        ],
        "current_month": [
            0,
            0,
            0,
            0,
            0,
            0,
            300000,
            150000,
            0,
            0,
            0
        ],
        "previous_month": [
            0,
            0,
            0,
            0,
            0,
            0,
            0,
            0,
            0,
            0,
            0
        ],
        "selected_month": "Th\u00e1ng 7\/2025",
        "previous_month_label": "Th\u00e1ng 6\/2025"
    }
}
{
    "timestamp": "2025-07-23 21:24:26",
    "request": {
        "month": "1",
        "year": "2025"
    },
    "response": {
        "labels": [
            "1",
            "4",
            "7",
            "10",
            "13",
            "16",
            "19",
            "22",
            "25",
            "28",
            "31"
        ],
        "current_month": [
            0,
            0,
            0,
            0,
            0,
            0,
            0,
            0,
            0,
            0,
            0
        ],
        "previous_month": [
            0,
            0,
            0,
            0,
            0,
            0,
            0,
            0,
            0,
            0,
            0
        ],
        "selected_month": "Th\u00e1ng 1\/2025",
        "previous_month_label": "Th\u00e1ng 12\/2024"
    }
}
{
    "timestamp": "2025-07-23 21:28:24",
    "request": {
        "month": "1",
        "year": "2025"
    },
    "response": {
        "labels": [
            "1",
            "4",
            "7",
            "10",
            "13",
            "16",
            "19",
            "22",
            "25",
            "28",
            "31"
        ],
        "current_month": [
            0,
            0,
            0,
            0,
            0,
            0,
            0,
            0,
            0,
            0,
            0
        ],
        "previous_month": [
            0,
            0,
            0,
            0,
            0,
            0,
            0,
            0,
            0,
            0,
            0
        ],
        "selected_month": "Th\u00e1ng 1\/2025",
        "previous_month_label": "Th\u00e1ng 12\/2024"
    }
}
{
    "timestamp": "2025-07-23 21:50:48",
    "request": {
        "month": "1",
        "year": "2025"
    },
    "response": {
        "labels": [
            "1",
            "4",
            "7",
            "10",
            "13",
            "16",
            "19",
            "22",
            "25",
            "28",
            "31"
        ],
        "current_month": [
            0,
            0,
            0,
            0,
            0,
            0,
            0,
            0,
            0,
            0,
            0
        ],
        "previous_month": [
            0,
            0,
            0,
            0,
            0,
            0,
            0,
            0,
            0,
            0,
            0
        ],
        "selected_month": "Th\u00e1ng 1\/2025",
        "previous_month_label": "Th\u00e1ng 12\/2024"
    }
}
{
    "timestamp": "2025-07-23 21:51:04",
    "request": {
        "month": "8",
        "year": "2025"
    },
    "response": {
        "labels": [
            "1",
            "4",
            "7",
            "10",
            "13",
            "16",
            "19",
            "22",
            "25",
            "28",
            "31"
        ],
        "current_month": [
            0,
            0,
            0,
            0,
            0,
            0,
            0,
            0,
            0,
            0,
            0
        ],
        "previous_month": [
            0,
            0,
            0,
            0,
            0,
            0,
            300000,
            150000,
            0,
            0,
            0
        ],
        "selected_month": "Th\u00e1ng 8\/2025",
        "previous_month_label": "Th\u00e1ng 7\/2025"
    }
}
{
    "timestamp": "2025-07-23 21:51:06",
    "request": {
        "month": "7",
        "year": "2025"
    },
    "response": {
        "labels": [
            "1",
            "4",
            "7",
            "10",
            "13",
            "16",
            "19",
            "22",
            "25",
            "28",
            "31"
        ],
        "current_month": [
            0,
            0,
            0,
            0,
            0,
            0,
            300000,
            150000,
            0,
            0,
            0
        ],
        "previous_month": [
            0,
            0,
            0,
            0,
            0,
            0,
            0,
            0,
            0,
            0,
            0
        ],
        "selected_month": "Th\u00e1ng 7\/2025",
        "previous_month_label": "Th\u00e1ng 6\/2025"
    }
}
{
    "timestamp": "2025-07-23 21:53:19",
    "request": {
        "month": "1",
        "year": "2025"
    },
    "response": {
        "labels": [
            "1",
            "4",
            "7",
            "10",
            "13",
            "16",
            "19",
            "22",
            "25",
            "28",
            "31"
        ],
        "current_month": [
            0,
            0,
            0,
            0,
            0,
            0,
            0,
            0,
            0,
            0,
            0
        ],
        "previous_month": [
            0,
            0,
            0,
            0,
            0,
            0,
            0,
            0,
            0,
            0,
            0
        ],
        "selected_month": "Th\u00e1ng 1\/2025",
        "previous_month_label": "Th\u00e1ng 12\/2024"
    }
}
{
    "timestamp": "2025-07-23 21:55:24",
    "request": {
        "month": "1",
        "year": "2025"
    },
    "response": {
        "labels": [
            "1",
            "4",
            "7",
            "10",
            "13",
            "16",
            "19",
            "22",
            "25",
            "28",
            "31"
        ],
        "current_month": [
            0,
            0,
            0,
            0,
            0,
            0,
            0,
            0,
            0,
            0,
            0
        ],
        "previous_month": [
            0,
            0,
            0,
            0,
            0,
            0,
            0,
            0,
            0,
            0,
            0
        ],
        "selected_month": "Th\u00e1ng 1\/2025",
        "previous_month_label": "Th\u00e1ng 12\/2024"
    }
}
{
    "timestamp": "2025-07-23 21:57:48",
    "request": {
        "month": "1",
        "year": "2025"
    },
    "response": {
        "labels": [
            "1",
            "4",
            "7",
            "10",
            "13",
            "16",
            "19",
            "22",
            "25",
            "28",
            "31"
        ],
        "current_month": [
            0,
            0,
            0,
            0,
            0,
            0,
            0,
            0,
            0,
            0,
            0
        ],
        "previous_month": [
            0,
            0,
            0,
            0,
            0,
            0,
            0,
            0,
            0,
            0,
            0
        ],
        "selected_month": "Th\u00e1ng 1\/2025",
        "previous_month_label": "Th\u00e1ng 12\/2024"
    }
}
{
    "timestamp": "2025-07-23 21:58:08",
    "request": {
        "month": "1",
        "year": "2025"
    },
    "response": {
        "labels": [
            "1",
            "4",
            "7",
            "10",
            "13",
            "16",
            "19",
            "22",
            "25",
            "28",
            "31"
        ],
        "current_month": [
            0,
            0,
            0,
            0,
            0,
            0,
            0,
            0,
            0,
            0,
            0
        ],
        "previous_month": [
            0,
            0,
            0,
            0,
            0,
            0,
            0,
            0,
            0,
            0,
            0
        ],
        "selected_month": "Th\u00e1ng 1\/2025",
        "previous_month_label": "Th\u00e1ng 12\/2024"
    }
}
{
    "timestamp": "2025-07-23 22:00:53",
    "request": {
        "month": "1",
        "year": "2025"
    },
    "response": {
        "labels": [
            "1",
            "4",
            "7",
            "10",
            "13",
            "16",
            "19",
            "22",
            "25",
            "28",
            "31"
        ],
        "current_month": [
            0,
            0,
            0,
            0,
            0,
            0,
            0,
            0,
            0,
            0,
            0
        ],
        "previous_month": [
            0,
            0,
            0,
            0,
            0,
            0,
            0,
            0,
            0,
            0,
            0
        ],
        "selected_month": "Th\u00e1ng 1\/2025",
        "previous_month_label": "Th\u00e1ng 12\/2024"
    }
}
{
    "timestamp": "2025-07-23 22:19:04",
    "request": {
        "month": "1",
        "year": "2025"
    },
    "response": {
        "labels": [
            "1",
            "4",
            "7",
            "10",
            "13",
            "16",
            "19",
            "22",
            "25",
            "28",
            "31"
        ],
        "current_month": [
            0,
            0,
            0,
            0,
            0,
            0,
            0,
            0,
            0,
            0,
            0
        ],
        "previous_month": [
            0,
            0,
            0,
            0,
            0,
            0,
            0,
            0,
            0,
            0,
            0
        ],
        "selected_month": "Th\u00e1ng 1\/2025",
        "previous_month_label": "Th\u00e1ng 12\/2024"
    }
}
{
    "timestamp": "2025-07-23 22:29:57",
    "request": {
        "month": "1",
        "year": "2025"
    },
    "response": {
        "labels": [
            "1",
            "4",
            "7",
            "10",
            "13",
            "16",
            "19",
            "22",
            "25",
            "28",
            "31"
        ],
        "current_month": [
            0,
            0,
            0,
            0,
            0,
            0,
            0,
            0,
            0,
            0,
            0
        ],
        "previous_month": [
            0,
            0,
            0,
            0,
            0,
            0,
            0,
            0,
            0,
            0,
            0
        ],
        "selected_month": "Th\u00e1ng 1\/2025",
        "previous_month_label": "Th\u00e1ng 12\/2024"
    }
}
{
    "timestamp": "2025-07-23 22:30:49",
    "request": {
        "month": "8",
        "year": "2025"
    },
    "response": {
        "labels": [
            "1",
            "4",
            "7",
            "10",
            "13",
            "16",
            "19",
            "22",
            "25",
            "28",
            "31"
        ],
        "current_month": [
            0,
            0,
            0,
            0,
            0,
            0,
            0,
            0,
            0,
            0,
            0
        ],
        "previous_month": [
            0,
            0,
            0,
            0,
            0,
            0,
            300000,
            150000,
            0,
            0,
            0
        ],
        "selected_month": "Th\u00e1ng 8\/2025",
        "previous_month_label": "Th\u00e1ng 7\/2025"
    }
}
{
    "timestamp": "2025-07-23 22:30:51",
    "request": {
        "month": "7",
        "year": "2025"
    },
    "response": {
        "labels": [
            "1",
            "4",
            "7",
            "10",
            "13",
            "16",
            "19",
            "22",
            "25",
            "28",
            "31"
        ],
        "current_month": [
            0,
            0,
            0,
            0,
            0,
            0,
            300000,
            150000,
            0,
            0,
            0
        ],
        "previous_month": [
            0,
            0,
            0,
            0,
            0,
            0,
            0,
            0,
            0,
            0,
            0
        ],
        "selected_month": "Th\u00e1ng 7\/2025",
        "previous_month_label": "Th\u00e1ng 6\/2025"
    }
}
{
    "timestamp": "2025-07-23 22:31:53",
    "request": {
        "month": "1",
        "year": "2025"
    },
    "response": {
        "labels": [
            "1",
            "4",
            "7",
            "10",
            "13",
            "16",
            "19",
            "22",
            "25",
            "28",
            "31"
        ],
        "current_month": [
            0,
            0,
            0,
            0,
            0,
            0,
            0,
            0,
            0,
            0,
            0
        ],
        "previous_month": [
            0,
            0,
            0,
            0,
            0,
            0,
            0,
            0,
            0,
            0,
            0
        ],
        "selected_month": "Th\u00e1ng 1\/2025",
        "previous_month_label": "Th\u00e1ng 12\/2024"
    }
}
{
    "timestamp": "2025-07-23 22:32:06",
    "request": {
        "month": "8",
        "year": "2025"
    },
    "response": {
        "labels": [
            "1",
            "4",
            "7",
            "10",
            "13",
            "16",
            "19",
            "22",
            "25",
            "28",
            "31"
        ],
        "current_month": [
            0,
            0,
            0,
            0,
            0,
            0,
            0,
            0,
            0,
            0,
            0
        ],
        "previous_month": [
            0,
            0,
            0,
            0,
            0,
            0,
            300000,
            150000,
            0,
            0,
            0
        ],
        "selected_month": "Th\u00e1ng 8\/2025",
        "previous_month_label": "Th\u00e1ng 7\/2025"
    }
}
{
    "timestamp": "2025-07-23 22:32:10",
    "request": {
        "month": "7",
        "year": "2025"
    },
    "response": {
        "labels": [
            "1",
            "4",
            "7",
            "10",
            "13",
            "16",
            "19",
            "22",
            "25",
            "28",
            "31"
        ],
        "current_month": [
            0,
            0,
            0,
            0,
            0,
            0,
            300000,
            150000,
            0,
            0,
            0
        ],
        "previous_month": [
            0,
            0,
            0,
            0,
            0,
            0,
            0,
            0,
            0,
            0,
            0
        ],
        "selected_month": "Th\u00e1ng 7\/2025",
        "previous_month_label": "Th\u00e1ng 6\/2025"
    }
}
{
    "timestamp": "2025-07-23 22:32:14",
    "request": {
        "month": "6",
        "year": "2025"
    },
    "response": {
        "labels": [
            "1",
            "4",
            "7",
            "10",
            "13",
            "16",
            "19",
            "22",
            "25",
            "28",
            "31"
        ],
        "current_month": [
            0,
            0,
            0,
            0,
            0,
            0,
            0,
            0,
            0,
            0,
            0
        ],
        "previous_month": [
            0,
            0,
            0,
            0,
            0,
            0,
            0,
            0,
            0,
            0,
            0
        ],
        "selected_month": "Th\u00e1ng 6\/2025",
        "previous_month_label": "Th\u00e1ng 5\/2025"
    }
}
{
    "timestamp": "2025-07-23 22:32:16",
    "request": {
        "month": "7",
        "year": "2025"
    },
    "response": {
        "labels": [
            "1",
            "4",
            "7",
            "10",
            "13",
            "16",
            "19",
            "22",
            "25",
            "28",
            "31"
        ],
        "current_month": [
            0,
            0,
            0,
            0,
            0,
            0,
            300000,
            150000,
            0,
            0,
            0
        ],
        "previous_month": [
            0,
            0,
            0,
            0,
            0,
            0,
            0,
            0,
            0,
            0,
            0
        ],
        "selected_month": "Th\u00e1ng 7\/2025",
        "previous_month_label": "Th\u00e1ng 6\/2025"
    }
}
{
    "timestamp": "2025-07-23 23:54:05",
    "request": {
        "month": "1",
        "year": "2025"
    },
    "response": {
        "labels": [
            "1",
            "4",
            "7",
            "10",
            "13",
            "16",
            "19",
            "22",
            "25",
            "28",
            "31"
        ],
        "current_month": [
            0,
            0,
            0,
            0,
            0,
            0,
            0,
            0,
            0,
            0,
            0
        ],
        "previous_month": [
            0,
            0,
            0,
            0,
            0,
            0,
            0,
            0,
            0,
            0,
            0
        ],
        "selected_month": "Th\u00e1ng 1\/2025",
        "previous_month_label": "Th\u00e1ng 12\/2024"
    }
}
{
    "timestamp": "2025-07-23 23:55:37",
    "request": {
        "month": "1",
        "year": "2025"
    },
    "response": {
        "labels": [
            "1",
            "4",
            "7",
            "10",
            "13",
            "16",
            "19",
            "22",
            "25",
            "28",
            "31"
        ],
        "current_month": [
            0,
            0,
            0,
            0,
            0,
            0,
            0,
            0,
            0,
            0,
            0
        ],
        "previous_month": [
            0,
            0,
            0,
            0,
            0,
            0,
            0,
            0,
            0,
            0,
            0
        ],
        "selected_month": "Th\u00e1ng 1\/2025",
        "previous_month_label": "Th\u00e1ng 12\/2024"
    }
}
{
    "timestamp": "2025-07-23 23:55:47",
    "request": {
        "month": "1",
        "year": "2025"
    },
    "response": {
        "labels": [
            "1",
            "4",
            "7",
            "10",
            "13",
            "16",
            "19",
            "22",
            "25",
            "28",
            "31"
        ],
        "current_month": [
            0,
            0,
            0,
            0,
            0,
            0,
            0,
            0,
            0,
            0,
            0
        ],
        "previous_month": [
            0,
            0,
            0,
            0,
            0,
            0,
            0,
            0,
            0,
            0,
            0
        ],
        "selected_month": "Th\u00e1ng 1\/2025",
        "previous_month_label": "Th\u00e1ng 12\/2024"
    }
}
{
    "timestamp": "2025-07-23 23:57:27",
    "request": {
        "month": "1",
        "year": "2025"
    },
    "response": {
        "labels": [
            "1",
            "4",
            "7",
            "10",
            "13",
            "16",
            "19",
            "22",
            "25",
            "28",
            "31"
        ],
        "current_month": [
            0,
            0,
            0,
            0,
            0,
            0,
            0,
            0,
            0,
            0,
            0
        ],
        "previous_month": [
            0,
            0,
            0,
            0,
            0,
            0,
            0,
            0,
            0,
            0,
            0
        ],
        "selected_month": "Th\u00e1ng 1\/2025",
        "previous_month_label": "Th\u00e1ng 12\/2024"
    }
}
{
    "timestamp": "2025-07-23 23:57:48",
    "request": {
        "month": "7",
        "year": "2026"
    },
    "response": {
        "labels": [
            "1",
            "4",
            "7",
            "10",
            "13",
            "16",
            "19",
            "22",
            "25",
            "28",
            "31"
        ],
        "current_month": [
            0,
            0,
            0,
            0,
            0,
            0,
            0,
            0,
            0,
            0,
            0
        ],
        "previous_month": [
            0,
            0,
            0,
            0,
            0,
            0,
            0,
            0,
            0,
            0,
            0
        ],
        "selected_month": "Th\u00e1ng 7\/2026",
        "previous_month_label": "Th\u00e1ng 6\/2026"
    }
}
{
    "timestamp": "2025-07-23 23:57:53",
    "request": {
        "month": "7",
        "year": "2025"
    },
    "response": {
        "labels": [
            "1",
            "4",
            "7",
            "10",
            "13",
            "16",
            "19",
            "22",
            "25",
            "28",
            "31"
        ],
        "current_month": [
            0,
            0,
            0,
            0,
            0,
            0,
            300000,
            150000,
            0,
            0,
            0
        ],
        "previous_month": [
            0,
            0,
            0,
            0,
            0,
            0,
            0,
            0,
            0,
            0,
            0
        ],
        "selected_month": "Th\u00e1ng 7\/2025",
        "previous_month_label": "Th\u00e1ng 6\/2025"
    }
}
{
    "timestamp": "2025-07-23 23:57:59",
    "request": {
        "month": "8",
        "year": "2025"
    },
    "response": {
        "labels": [
            "1",
            "4",
            "7",
            "10",
            "13",
            "16",
            "19",
            "22",
            "25",
            "28",
            "31"
        ],
        "current_month": [
            0,
            0,
            0,
            0,
            0,
            0,
            0,
            0,
            0,
            0,
            0
        ],
        "previous_month": [
            0,
            0,
            0,
            0,
            0,
            0,
            300000,
            150000,
            0,
            0,
            0
        ],
        "selected_month": "Th\u00e1ng 8\/2025",
        "previous_month_label": "Th\u00e1ng 7\/2025"
    }
}
{
    "timestamp": "2025-07-23 23:58:03",
    "request": {
        "month": "6",
        "year": "2025"
    },
    "response": {
        "labels": [
            "1",
            "4",
            "7",
            "10",
            "13",
            "16",
            "19",
            "22",
            "25",
            "28",
            "31"
        ],
        "current_month": [
            0,
            0,
            0,
            0,
            0,
            0,
            0,
            0,
            0,
            0,
            0
        ],
        "previous_month": [
            0,
            0,
            0,
            0,
            0,
            0,
            0,
            0,
            0,
            0,
            0
        ],
        "selected_month": "Th\u00e1ng 6\/2025",
        "previous_month_label": "Th\u00e1ng 5\/2025"
    }
}
{
    "timestamp": "2025-07-23 23:58:06",
    "request": {
        "month": "8",
        "year": "2025"
    },
    "response": {
        "labels": [
            "1",
            "4",
            "7",
            "10",
            "13",
            "16",
            "19",
            "22",
            "25",
            "28",
            "31"
        ],
        "current_month": [
            0,
            0,
            0,
            0,
            0,
            0,
            0,
            0,
            0,
            0,
            0
        ],
        "previous_month": [
            0,
            0,
            0,
            0,
            0,
            0,
            300000,
            150000,
            0,
            0,
            0
        ],
        "selected_month": "Th\u00e1ng 8\/2025",
        "previous_month_label": "Th\u00e1ng 7\/2025"
    }
}
{
    "timestamp": "2025-07-23 23:58:08",
    "request": {
        "month": "7",
        "year": "2025"
    },
    "response": {
        "labels": [
            "1",
            "4",
            "7",
            "10",
            "13",
            "16",
            "19",
            "22",
            "25",
            "28",
            "31"
        ],
        "current_month": [
            0,
            0,
            0,
            0,
            0,
            0,
            300000,
            150000,
            0,
            0,
            0
        ],
        "previous_month": [
            0,
            0,
            0,
            0,
            0,
            0,
            0,
            0,
            0,
            0,
            0
        ],
        "selected_month": "Th\u00e1ng 7\/2025",
        "previous_month_label": "Th\u00e1ng 6\/2025"
    }
}
{
    "timestamp": "2025-07-23 23:58:31",
    "request": {
        "month": "6",
        "year": "2025"
    },
    "response": {
        "labels": [
            "1",
            "4",
            "7",
            "10",
            "13",
            "16",
            "19",
            "22",
            "25",
            "28",
            "31"
        ],
        "current_month": [
            0,
            0,
            0,
            0,
            0,
            0,
            0,
            0,
            0,
            0,
            0
        ],
        "previous_month": [
            0,
            0,
            0,
            0,
            0,
            0,
            0,
            0,
            0,
            0,
            0
        ],
        "selected_month": "Th\u00e1ng 6\/2025",
        "previous_month_label": "Th\u00e1ng 5\/2025"
    }
}
{
    "timestamp": "2025-07-23 23:58:34",
    "request": {
        "month": "6",
        "year": "2024"
    },
    "response": {
        "labels": [
            "1",
            "4",
            "7",
            "10",
            "13",
            "16",
            "19",
            "22",
            "25",
            "28",
            "31"
        ],
        "current_month": [
            0,
            0,
            0,
            0,
            0,
            0,
            0,
            0,
            0,
            0,
            0
        ],
        "previous_month": [
            0,
            0,
            0,
            0,
            0,
            0,
            0,
            0,
            0,
            0,
            0
        ],
        "selected_month": "Th\u00e1ng 6\/2024",
        "previous_month_label": "Th\u00e1ng 5\/2024"
    }
}
{
    "timestamp": "2025-07-23 23:58:36",
    "request": {
        "month": "5",
        "year": "2024"
    },
    "response": {
        "labels": [
            "1",
            "4",
            "7",
            "10",
            "13",
            "16",
            "19",
            "22",
            "25",
            "28",
            "31"
        ],
        "current_month": [
            0,
            0,
            0,
            0,
            0,
            0,
            0,
            0,
            0,
            0,
            0
        ],
        "previous_month": [
            0,
            0,
            0,
            0,
            0,
            0,
            0,
            0,
            0,
            0,
            0
        ],
        "selected_month": "Th\u00e1ng 5\/2024",
        "previous_month_label": "Th\u00e1ng 4\/2024"
    }
}
{
    "timestamp": "2025-07-23 23:58:40",
    "request": {
        "month": "1",
        "year": "2025"
    },
    "response": {
        "labels": [
            "1",
            "4",
            "7",
            "10",
            "13",
            "16",
            "19",
            "22",
            "25",
            "28",
            "31"
        ],
        "current_month": [
            0,
            0,
            0,
            0,
            0,
            0,
            0,
            0,
            0,
            0,
            0
        ],
        "previous_month": [
            0,
            0,
            0,
            0,
            0,
            0,
            0,
            0,
            0,
            0,
            0
        ],
        "selected_month": "Th\u00e1ng 1\/2025",
        "previous_month_label": "Th\u00e1ng 12\/2024"
    }
}
{
    "timestamp": "2025-07-23 23:59:54",
    "request": {
        "month": "1",
        "year": "2025"
    },
    "response": {
        "labels": [
            "1",
            "4",
            "7",
            "10",
            "13",
            "16",
            "19",
            "22",
            "25",
            "28",
            "31"
        ],
        "current_month": [
            0,
            0,
            0,
            0,
            0,
            0,
            0,
            0,
            0,
            0,
            0
        ],
        "previous_month": [
            0,
            0,
            0,
            0,
            0,
            0,
            0,
            0,
            0,
            0,
            0
        ],
        "selected_month": "Th\u00e1ng 1\/2025",
        "previous_month_label": "Th\u00e1ng 12\/2024"
    }
}
{
    "timestamp": "2025-07-24 00:03:00",
    "request": {
        "month": "1",
        "year": "2025"
    },
    "response": {
        "labels": [
            "1",
            "4",
            "7",
            "10",
            "13",
            "16",
            "19",
            "22",
            "25",
            "28",
            "31"
        ],
        "current_month": [
            0,
            0,
            0,
            0,
            0,
            0,
            0,
            0,
            0,
            0,
            0
        ],
        "previous_month": [
            0,
            0,
            0,
            0,
            0,
            0,
            0,
            0,
            0,
            0,
            0
        ],
        "selected_month": "Th\u00e1ng 1\/2025",
        "previous_month_label": "Th\u00e1ng 12\/2024"
    }
}
{
    "timestamp": "2025-07-24 00:03:43",
    "request": {
        "month": "1",
        "year": "2025"
    },
    "response": {
        "labels": [
            "1",
            "4",
            "7",
            "10",
            "13",
            "16",
            "19",
            "22",
            "25",
            "28",
            "31"
        ],
        "current_month": [
            0,
            0,
            0,
            0,
            0,
            0,
            0,
            0,
            0,
            0,
            0
        ],
        "previous_month": [
            0,
            0,
            0,
            0,
            0,
            0,
            0,
            0,
            0,
            0,
            0
        ],
        "selected_month": "Th\u00e1ng 1\/2025",
        "previous_month_label": "Th\u00e1ng 12\/2024"
    }
}
{
    "timestamp": "2025-07-24 00:04:21",
    "request": {
        "month": "1",
        "year": "2025"
    },
    "response": {
        "labels": [
            "1",
            "4",
            "7",
            "10",
            "13",
            "16",
            "19",
            "22",
            "25",
            "28",
            "31"
        ],
        "current_month": [
            0,
            0,
            0,
            0,
            0,
            0,
            0,
            0,
            0,
            0,
            0
        ],
        "previous_month": [
            0,
            0,
            0,
            0,
            0,
            0,
            0,
            0,
            0,
            0,
            0
        ],
        "selected_month": "Th\u00e1ng 1\/2025",
        "previous_month_label": "Th\u00e1ng 12\/2024"
    }
}
{
    "timestamp": "2025-07-24 04:16:07",
    "request": {
        "month": "1",
        "year": "2025"
    },
    "response": {
        "labels": [
            "1",
            "4",
            "7",
            "10",
            "13",
            "16",
            "19",
            "22",
            "25",
            "28",
            "31"
        ],
        "current_month": [
            0,
            0,
            0,
            0,
            0,
            0,
            0,
            0,
            0,
            0,
            0
        ],
        "previous_month": [
            0,
            0,
            0,
            0,
            0,
            0,
            0,
            0,
            0,
            0,
            0
        ],
        "selected_month": "Th\u00e1ng 1\/2025",
        "previous_month_label": "Th\u00e1ng 12\/2024"
    }
}
